<?xml version="1.0" encoding="UTF-8"?>
<!-- Generated by org.testng.reporters.JUnitXMLReporter -->
<testsuite ignored="2" hostname="PoojaVinu" failures="0" tests="3" name="my test" time="0.065" errors="0" timestamp="2024-09-18T07:42:42 IST">
  <testcase classname="testNGcommands.GroupExecution" name="testCase1" time="0.009"/>
  <testcase classname="testNGcommands.GroupExecution" name="testCase3" time="0.002"/>
  <testcase classname="testNGcommands.GroupExecution" name="testCase5" time="0.0"/>
  <testcase classname="testNGcommands.GroupExecution" name="testCase4" time="0.0">
    <ignored/>
  </testcase> <!-- testCase4 -->
  <testcase classname="testNGcommands.GroupExecution" name="testCase2" time="0.0">
    <ignored/>
  </testcase> <!-- testCase2 -->
</testsuite> <!-- my test -->
